#-----------------------------------------------------------
# Vivado v2018.2 (64-bit)
# SW Build 2258646 on Thu Jun 14 20:03:12 MDT 2018
# IP Build 2256618 on Thu Jun 14 22:10:49 MDT 2018
# Start of session at: Fri Apr 19 01:32:07 2024
# Process ID: 6828
# Current directory: D:/UNI/studies/Sem 8/ASIC/GIKI_TAPEOUT/GIKI-Tapeout/UART_Transciver_50mhz_working
# Command line: vivado.exe -gui_launcher_event rodinguilauncherevent22372 D:\UNI\studies\Sem 8\ASIC\GIKI_TAPEOUT\GIKI-Tapeout\UART_Transciver_50mhz_working\reciver.xpr
# Log file: D:/UNI/studies/Sem 8/ASIC/GIKI_TAPEOUT/GIKI-Tapeout/UART_Transciver_50mhz_working/vivado.log
# Journal file: D:/UNI/studies/Sem 8/ASIC/GIKI_TAPEOUT/GIKI-Tapeout/UART_Transciver_50mhz_working\vivado.jou
#-----------------------------------------------------------
start_gui
open_project {D:/UNI/studies/Sem 8/ASIC/GIKI_TAPEOUT/GIKI-Tapeout/UART_Transciver_50mhz_working/reciver.xpr}
INFO: [ProjectBase 1-489] The host OS only allows 260 characters in a normal path. The project is stored in a path with more than 80 characters. If you experience issues with IP, Block Designs, or files not being found, please consider moving the project to a location with a shorter path. Alternately consider using the OS subst command to map part of the path to a drive letter.
Current project path is 'D:/UNI/studies/Sem 8/ASIC/GIKI_TAPEOUT/GIKI-Tapeout/UART_Transciver_50mhz_working'
INFO: [Project 1-313] Project file moved from 'D:/UNI/GIKI-Tapeout/reciver' since last save.
Scanning sources...
Finished scanning sources
INFO: [IP_Flow 19-234] Refreshing IP repositories
INFO: [IP_Flow 19-1704] No user IP repositories specified
INFO: [IP_Flow 19-2313] Loaded Vivado IP repository 'C:/Xilinx/Vivado/2018.2/data/ip'.
open_project: Time (s): cpu = 00:00:12 ; elapsed = 00:00:06 . Memory (MB): peak = 925.871 ; gain = 178.066
update_compile_order -fileset sources_1
