#-----------------------------------------------------------
# Vivado v2018.2 (64-bit)
# SW Build 2258646 on Thu Jun 14 20:03:12 MDT 2018
# IP Build 2256618 on Thu Jun 14 22:10:49 MDT 2018
# Start of session at: Fri Apr 19 00:57:50 2024
# Process ID: 21636
# Current directory: D:/UNI/GIKI-Tapeout/UART_Transciver
# Command line: vivado.exe -gui_launcher_event rodinguilauncherevent19352 D:\UNI\GIKI-Tapeout\UART_Transciver\reciver.xpr
# Log file: D:/UNI/GIKI-Tapeout/UART_Transciver/vivado.log
# Journal file: D:/UNI/GIKI-Tapeout/UART_Transciver\vivado.jou
#-----------------------------------------------------------
start_gui
open_project D:/UNI/GIKI-Tapeout/UART_Transciver/reciver.xpr
INFO: [Project 1-313] Project file moved from 'D:/UNI/GIKI-Tapeout/reciver' since last save.
Scanning sources...
Finished scanning sources
INFO: [IP_Flow 19-234] Refreshing IP repositories
INFO: [IP_Flow 19-1704] No user IP repositories specified
INFO: [IP_Flow 19-2313] Loaded Vivado IP repository 'C:/Xilinx/Vivado/2018.2/data/ip'.
open_project: Time (s): cpu = 00:00:13 ; elapsed = 00:00:06 . Memory (MB): peak = 969.398 ; gain = 215.785
update_compile_order -fileset sources_1
exit
INFO: [Common 17-206] Exiting Vivado at Fri Apr 19 00:58:30 2024...
